<?xml version="1.0" encoding="UTF-8"?>
<!-- Generated by org.testng.reporters.JUnitXMLReporter -->
<testsuite hostname="THEJESH" ignored="0" name="chrometest" tests="4" failures="3" timestamp="28 Jul 2021 16:55:59 GMT" time="57.769" errors="0">
  <testcase name="Login" time="12.67" classname="com.MavenProjects1_Testcases.TC_Login_001">
    <failure type="java.lang.AssertionError" message="expected [true] but found [false]">
      <![CDATA[java.lang.AssertionError: expected [true] but found [false]
at com.MavenProjects1_Testcases.TC_Login_001.Login(TC_Login_001.java:44)
... Removed 29 stack frames]]>
    </failure>
  </testcase> <!-- Login -->
  <testcase name="login" time="8.197" classname="com.MavenProjects1_Testcases.TC_LoginDDT_002">
    <failure type="java.lang.AssertionError" message="expected [true] but found [false]">
      <![CDATA[java.lang.AssertionError: expected [true] but found [false]
at com.MavenProjects1_Testcases.TC_LoginDDT_002.login(TC_LoginDDT_002.java:40)
... Removed 29 stack frames]]>
    </failure>
  </testcase> <!-- login -->
  <testcase name="login" time="21.488" classname="com.MavenProjects1_Testcases.TC_LoginDDT_002"/>
  <testcase name="login" time="6.264" classname="com.MavenProjects1_Testcases.TC_LoginDDT_002">
    <failure type="java.lang.AssertionError" message="expected [true] but found [false]">
      <![CDATA[java.lang.AssertionError: expected [true] but found [false]
at com.MavenProjects1_Testcases.TC_LoginDDT_002.login(TC_LoginDDT_002.java:40)
... Removed 29 stack frames]]>
    </failure>
  </testcase> <!-- login -->
</testsuite> <!-- chrometest -->
